Java HotSpot(TM) 64-Bit Server VM (25.91-b15) for windows-amd64 JRE (1.8.0_91-b15), built on May 20 2016 17:43:15 by "java_re" with MS VC++ 10.0 (VS2010)
Memory: 4k page, physical 2096692k(482100k free), swap 4668056k(1297064k free)
CommandLine flags: -XX:CMSInitiatingOccupancyFraction=50 -XX:CMSMaxAbortablePrecleanTime=6000 -XX:+CMSParallelRemarkEnabled -XX:+CMSScavengeBeforeRemark -XX:ConcGCThreads=4 -XX:InitialHeapSize=536870912 -XX:MaxHeapSize=536870912 -XX:MaxTenuringThreshold=8 -XX:NewRatio=3 -XX:OldPLABSize=16 -XX:ParallelGCThreads=4 -XX:+ParallelRefProcEnabled -XX:PretenureSizeThreshold=67108864 -XX:+PrintGC -XX:+PrintGCApplicationStoppedTime -XX:+PrintGCDateStamps -XX:+PrintGCDetails -XX:+PrintGCTimeStamps -XX:+PrintHeapAtGC -XX:+PrintTenuringDistribution -XX:SurvivorRatio=4 -XX:TargetSurvivorRatio=90 -XX:ThreadStackSize=256 -XX:+UseCMSInitiatingOccupancyOnly -XX:+UseCompressedClassPointers -XX:+UseCompressedOops -XX:+UseConcMarkSweepGC -XX:-UseLargePagesIndividualAllocation -XX:+UseParNewGC 
2016-07-07T16:38:12.141+0200: 0.176: Total time for which application threads were stopped: 0.0000979 seconds, Stopping threads took: 0.0000188 seconds
2016-07-07T16:38:12.438+0200: 0.471: Total time for which application threads were stopped: 0.0001253 seconds, Stopping threads took: 0.0000218 seconds
2016-07-07T16:38:13.001+0200: 1.044: Total time for which application threads were stopped: 0.0001689 seconds, Stopping threads took: 0.0000205 seconds
2016-07-07T16:38:13.329+0200: 1.369: Total time for which application threads were stopped: 0.0001535 seconds, Stopping threads took: 0.0000235 seconds
2016-07-07T16:38:13.422+0200: 1.453: Total time for which application threads were stopped: 0.0014266 seconds, Stopping threads took: 0.0012692 seconds
2016-07-07T16:38:13.907+0200: 1.938: Total time for which application threads were stopped: 0.0002241 seconds, Stopping threads took: 0.0000287 seconds
2016-07-07T16:38:14.250+0200: 2.287: Total time for which application threads were stopped: 0.0002467 seconds, Stopping threads took: 0.0000257 seconds
2016-07-07T16:38:14.250+0200: 2.288: Total time for which application threads were stopped: 0.0001745 seconds, Stopping threads took: 0.0000184 seconds
2016-07-07T16:38:14.250+0200: 2.291: Total time for which application threads were stopped: 0.0001711 seconds, Stopping threads took: 0.0000171 seconds
2016-07-07T16:38:14.923+0200: 2.960: Total time for which application threads were stopped: 0.0003900 seconds, Stopping threads took: 0.0000287 seconds
{Heap before GC invocations=0 (full 0):
 par new generation   total 109248K, used 87424K [0x00000000e0000000, 0x00000000e8000000, 0x00000000e8000000)
  eden space 87424K, 100% used [0x00000000e0000000, 0x00000000e5560000, 0x00000000e5560000)
  from space 21824K,   0% used [0x00000000e5560000, 0x00000000e5560000, 0x00000000e6ab0000)
  to   space 21824K,   0% used [0x00000000e6ab0000, 0x00000000e6ab0000, 0x00000000e8000000)
 concurrent mark-sweep generation total 393216K, used 0K [0x00000000e8000000, 0x0000000100000000, 0x0000000100000000)
 Metaspace       used 17409K, capacity 17662K, committed 17920K, reserved 1064960K
  class space    used 2106K, capacity 2203K, committed 2304K, reserved 1048576K
2016-07-07T16:38:14.985+0200: 3.027: [GC (Allocation Failure) 2016-07-07T16:38:14.985+0200: 3.028: [ParNew
Desired survivor size 20112992 bytes, new threshold 8 (max 8)
- age   1:   10813360 bytes,   10813360 total
: 87424K->10667K(109248K), 0.0126122 secs] 87424K->10667K(502464K), 0.0129090 secs] [Times: user=0.03 sys=0.03, real=0.02 secs] 
Heap after GC invocations=1 (full 0):
 par new generation   total 109248K, used 10667K [0x00000000e0000000, 0x00000000e8000000, 0x00000000e8000000)
  eden space 87424K,   0% used [0x00000000e0000000, 0x00000000e0000000, 0x00000000e5560000)
  from space 21824K,  48% used [0x00000000e6ab0000, 0x00000000e751ac28, 0x00000000e8000000)
  to   space 21824K,   0% used [0x00000000e5560000, 0x00000000e5560000, 0x00000000e6ab0000)
 concurrent mark-sweep generation total 393216K, used 0K [0x00000000e8000000, 0x0000000100000000, 0x0000000100000000)
 Metaspace       used 17409K, capacity 17662K, committed 17920K, reserved 1064960K
  class space    used 2106K, capacity 2203K, committed 2304K, reserved 1048576K
}
2016-07-07T16:38:15.001+0200: 3.040: Total time for which application threads were stopped: 0.0142556 seconds, Stopping threads took: 0.0011473 seconds
2016-07-07T16:38:15.063+0200: 3.091: Total time for which application threads were stopped: 0.0003549 seconds, Stopping threads took: 0.0000547 seconds
2016-07-07T16:38:15.095+0200: 3.138: Total time for which application threads were stopped: 0.0002634 seconds, Stopping threads took: 0.0000248 seconds
2016-07-07T16:38:15.110+0200: 3.147: Total time for which application threads were stopped: 0.0017208 seconds, Stopping threads took: 0.0014569 seconds
2016-07-07T16:38:16.063+0200: 4.098: Total time for which application threads were stopped: 0.0044760 seconds, Stopping threads took: 0.0034617 seconds
2016-07-07T16:38:16.110+0200: 4.140: Total time for which application threads were stopped: 0.0016862 seconds, Stopping threads took: 0.0013825 seconds
{Heap before GC invocations=1 (full 0):
 par new generation   total 109248K, used 98091K [0x00000000e0000000, 0x00000000e8000000, 0x00000000e8000000)
  eden space 87424K, 100% used [0x00000000e0000000, 0x00000000e5560000, 0x00000000e5560000)
  from space 21824K,  48% used [0x00000000e6ab0000, 0x00000000e751ac28, 0x00000000e8000000)
  to   space 21824K,   0% used [0x00000000e5560000, 0x00000000e5560000, 0x00000000e6ab0000)
 concurrent mark-sweep generation total 393216K, used 0K [0x00000000e8000000, 0x0000000100000000, 0x0000000100000000)
 Metaspace       used 20887K, capacity 21136K, committed 21504K, reserved 1069056K
  class space    used 2585K, capacity 2720K, committed 2816K, reserved 1048576K
2016-07-07T16:38:16.126+0200: 4.168: [GC (Allocation Failure) 2016-07-07T16:38:16.126+0200: 4.168: [ParNew
Desired survivor size 20112992 bytes, new threshold 8 (max 8)
- age   1:    4031328 bytes,    4031328 total
- age   2:    5243608 bytes,    9274936 total
: 98091K->13289K(109248K), 0.0238457 secs] 98091K->13289K(502464K), 0.0240018 secs] [Times: user=0.05 sys=0.11, real=0.03 secs] 
Heap after GC invocations=2 (full 0):
 par new generation   total 109248K, used 13289K [0x00000000e0000000, 0x00000000e8000000, 0x00000000e8000000)
  eden space 87424K,   0% used [0x00000000e0000000, 0x00000000e0000000, 0x00000000e5560000)
  from space 21824K,  60% used [0x00000000e5560000, 0x00000000e625a780, 0x00000000e6ab0000)
  to   space 21824K,   0% used [0x00000000e6ab0000, 0x00000000e6ab0000, 0x00000000e8000000)
 concurrent mark-sweep generation total 393216K, used 0K [0x00000000e8000000, 0x0000000100000000, 0x0000000100000000)
 Metaspace       used 20887K, capacity 21136K, committed 21504K, reserved 1069056K
  class space    used 2585K, capacity 2720K, committed 2816K, reserved 1048576K
}
2016-07-07T16:38:16.158+0200: 4.192: Total time for which application threads were stopped: 0.0264415 seconds, Stopping threads took: 0.0020287 seconds
2016-07-07T16:38:16.158+0200: 4.194: [GC (CMS Initial Mark) [1 CMS-initial-mark: 0K(393216K)] 13305K(502464K), 0.0017837 secs] [Times: user=0.00 sys=0.00, real=0.00 secs] 
2016-07-07T16:38:16.158+0200: 4.196: Total time for which application threads were stopped: 0.0036789 seconds, Stopping threads took: 0.0009938 seconds
2016-07-07T16:38:16.158+0200: 4.196: [CMS-concurrent-mark-start]
2016-07-07T16:38:16.158+0200: 4.197: [CMS-concurrent-mark: 0.001/0.001 secs] [Times: user=0.00 sys=0.00, real=0.00 secs] 
2016-07-07T16:38:16.158+0200: 4.197: [CMS-concurrent-preclean-start]
2016-07-07T16:38:16.158+0200: 4.197: [CMS-concurrent-preclean: 0.001/0.001 secs] [Times: user=0.00 sys=0.00, real=0.00 secs] 
2016-07-07T16:38:16.172+0200: 4.200: [GC (CMS Final Remark) [YG occupancy: 14515 K (109248 K)]{Heap before GC invocations=2 (full 1):
 par new generation   total 109248K, used 14515K [0x00000000e0000000, 0x00000000e8000000, 0x00000000e8000000)
  eden space 87424K,   1% used [0x00000000e0000000, 0x00000000e0132530, 0x00000000e5560000)
  from space 21824K,  60% used [0x00000000e5560000, 0x00000000e625a780, 0x00000000e6ab0000)
  to   space 21824K,   0% used [0x00000000e6ab0000, 0x00000000e6ab0000, 0x00000000e8000000)
 concurrent mark-sweep generation total 393216K, used 0K [0x00000000e8000000, 0x0000000100000000, 0x0000000100000000)
 Metaspace       used 20889K, capacity 21136K, committed 21504K, reserved 1069056K
  class space    used 2585K, capacity 2720K, committed 2816K, reserved 1048576K
2016-07-07T16:38:16.172+0200: 4.200: [GC (CMS Final Remark) 2016-07-07T16:38:16.172+0200: 4.200: [ParNew
Desired survivor size 20112992 bytes, new threshold 8 (max 8)
- age   1:       2080 bytes,       2080 total
- age   2:    1385128 bytes,    1387208 total
- age   3:    5231824 bytes,    6619032 total
: 14515K->7581K(109248K), 0.0119002 secs] 14515K->7581K(502464K), 0.0119669 secs] [Times: user=0.00 sys=0.00, real=0.00 secs] 
Heap after GC invocations=3 (full 1):
 par new generation   total 109248K, used 7581K [0x00000000e0000000, 0x00000000e8000000, 0x00000000e8000000)
  eden space 87424K,   0% used [0x00000000e0000000, 0x00000000e0000000, 0x00000000e5560000)
  from space 21824K,  34% used [0x00000000e6ab0000, 0x00000000e7217550, 0x00000000e8000000)
  to   space 21824K,   0% used [0x00000000e5560000, 0x00000000e5560000, 0x00000000e6ab0000)
 concurrent mark-sweep generation total 393216K, used 0K [0x00000000e8000000, 0x0000000100000000, 0x0000000100000000)
 Metaspace       used 20889K, capacity 21136K, committed 21504K, reserved 1069056K
  class space    used 2585K, capacity 2720K, committed 2816K, reserved 1048576K
}
2016-07-07T16:38:16.172+0200: 4.212: [Rescan (parallel) , 0.0018743 secs]2016-07-07T16:38:16.172+0200: 4.214: [weak refs processing, 0.0219056 secs]2016-07-07T16:38:16.203+0200: 4.236: [class unloading, 0.0037345 secs]2016-07-07T16:38:16.203+0200: 4.240: [scrub symbol table, 0.0047579 secs]2016-07-07T16:38:16.203+0200: 4.244: [scrub string table, 0.0003455 secs][1 CMS-remark: 0K(393216K)] 7581K(502464K), 0.0456033 secs] [Times: user=0.03 sys=0.05, real=0.03 secs] 
2016-07-07T16:38:16.203+0200: 4.246: Total time for which application threads were stopped: 0.0474002 seconds, Stopping threads took: 0.0016759 seconds
2016-07-07T16:38:16.203+0200: 4.246: [CMS-concurrent-sweep-start]
2016-07-07T16:38:16.203+0200: 4.246: [CMS-concurrent-sweep: 0.000/0.000 secs] [Times: user=0.00 sys=0.00, real=0.00 secs] 
2016-07-07T16:38:16.203+0200: 4.246: [CMS-concurrent-reset-start]
2016-07-07T16:38:16.219+0200: 4.252: [CMS-concurrent-reset: 0.005/0.005 secs] [Times: user=0.00 sys=0.03, real=0.02 secs] 
2016-07-07T16:38:16.719+0200: 4.748: Total time for which application threads were stopped: 0.0008531 seconds, Stopping threads took: 0.0000338 seconds
2016-07-07T16:38:16.813+0200: 4.851: Total time for which application threads were stopped: 0.0004127 seconds, Stopping threads took: 0.0000299 seconds
2016-07-07T16:38:16.860+0200: 4.894: Total time for which application threads were stopped: 0.0000800 seconds, Stopping threads took: 0.0000257 seconds
2016-07-07T16:38:17.110+0200: 5.146: Total time for which application threads were stopped: 0.0001471 seconds, Stopping threads took: 0.0000603 seconds
2016-07-07T16:38:17.173+0200: 5.206: Total time for which application threads were stopped: 0.0010186 seconds, Stopping threads took: 0.0006650 seconds
2016-07-07T16:38:17.251+0200: 5.293: Total time for which application threads were stopped: 0.0013240 seconds, Stopping threads took: 0.0012624 seconds
2016-07-07T16:38:17.267+0200: 5.295: Total time for which application threads were stopped: 0.0011730 seconds, Stopping threads took: 0.0011024 seconds
2016-07-07T16:38:17.267+0200: 5.297: Total time for which application threads were stopped: 0.0019966 seconds, Stopping threads took: 0.0019492 seconds
2016-07-07T16:38:18.282+0200: 6.310: Total time for which application threads were stopped: 0.0003515 seconds, Stopping threads took: 0.0001039 seconds
2016-07-07T16:38:25.610+0200: 13.650: Total time for which application threads were stopped: 0.0001796 seconds, Stopping threads took: 0.0000949 seconds
2016-07-07T16:38:25.623+0200: 13.651: Total time for which application threads were stopped: 0.0004875 seconds, Stopping threads took: 0.0004336 seconds
2016-07-07T16:38:25.625+0200: 13.653: Total time for which application threads were stopped: 0.0023575 seconds, Stopping threads took: 0.0022836 seconds
2016-07-07T16:38:25.630+0200: 13.659: Total time for which application threads were stopped: 0.0052120 seconds, Stopping threads took: 0.0051513 seconds
2016-07-07T16:38:25.655+0200: 13.683: Total time for which application threads were stopped: 0.0002968 seconds, Stopping threads took: 0.0002185 seconds
2016-07-07T16:38:25.692+0200: 13.720: Total time for which application threads were stopped: 0.0050893 seconds, Stopping threads took: 0.0050226 seconds
2016-07-07T16:38:25.707+0200: 13.735: Total time for which application threads were stopped: 0.0008523 seconds, Stopping threads took: 0.0007903 seconds
2016-07-07T16:38:25.799+0200: 13.827: Total time for which application threads were stopped: 0.0003276 seconds, Stopping threads took: 0.0002142 seconds
2016-07-07T16:38:25.799+0200: 13.827: Total time for which application threads were stopped: 0.0000637 seconds, Stopping threads took: 0.0000205 seconds
2016-07-07T16:38:25.801+0200: 13.830: Total time for which application threads were stopped: 0.0010682 seconds, Stopping threads took: 0.0009814 seconds
2016-07-07T16:38:25.802+0200: 13.831: Total time for which application threads were stopped: 0.0006902 seconds, Stopping threads took: 0.0006261 seconds
2016-07-07T16:38:25.804+0200: 13.832: Total time for which application threads were stopped: 0.0010862 seconds, Stopping threads took: 0.0010353 seconds
2016-07-07T16:38:25.806+0200: 13.834: Total time for which application threads were stopped: 0.0009733 seconds, Stopping threads took: 0.0009151 seconds
2016-07-07T16:38:25.811+0200: 13.840: Total time for which application threads were stopped: 0.0008587 seconds, Stopping threads took: 0.0007552 seconds
2016-07-07T16:38:25.822+0200: 13.851: Total time for which application threads were stopped: 0.0003271 seconds, Stopping threads took: 0.0002113 seconds
2016-07-07T16:38:25.859+0200: 13.888: Total time for which application threads were stopped: 0.0001240 seconds, Stopping threads took: 0.0000299 seconds
2016-07-07T16:38:25.863+0200: 13.891: Total time for which application threads were stopped: 0.0008843 seconds, Stopping threads took: 0.0007732 seconds
2016-07-07T16:38:25.868+0200: 13.896: Total time for which application threads were stopped: 0.0030182 seconds, Stopping threads took: 0.0028647 seconds
2016-07-07T16:38:25.874+0200: 13.902: Total time for which application threads were stopped: 0.0012709 seconds, Stopping threads took: 0.0012072 seconds
2016-07-07T16:38:25.882+0200: 13.910: Total time for which application threads were stopped: 0.0041613 seconds, Stopping threads took: 0.0038774 seconds
2016-07-07T16:38:25.889+0200: 13.917: Total time for which application threads were stopped: 0.0009686 seconds, Stopping threads took: 0.0008818 seconds
2016-07-07T16:38:25.893+0200: 13.922: Total time for which application threads were stopped: 0.0034617 seconds, Stopping threads took: 0.0033603 seconds
2016-07-07T16:38:25.896+0200: 13.924: Total time for which application threads were stopped: 0.0014963 seconds, Stopping threads took: 0.0014210 seconds
2016-07-07T16:38:25.897+0200: 13.925: Total time for which application threads were stopped: 0.0007971 seconds, Stopping threads took: 0.0007321 seconds
2016-07-07T16:38:25.898+0200: 13.926: Total time for which application threads were stopped: 0.0002322 seconds, Stopping threads took: 0.0001505 seconds
2016-07-07T16:38:25.903+0200: 13.931: Total time for which application threads were stopped: 0.0003092 seconds, Stopping threads took: 0.0002249 seconds
2016-07-07T16:38:25.905+0200: 13.933: Total time for which application threads were stopped: 0.0002938 seconds, Stopping threads took: 0.0002121 seconds
2016-07-07T16:38:25.911+0200: 13.939: Total time for which application threads were stopped: 0.0037717 seconds, Stopping threads took: 0.0036841 seconds
2016-07-07T16:38:25.920+0200: 13.949: Total time for which application threads were stopped: 0.0001625 seconds, Stopping threads took: 0.0000817 seconds
2016-07-07T16:38:25.926+0200: 13.954: Total time for which application threads were stopped: 0.0018987 seconds, Stopping threads took: 0.0017734 seconds
2016-07-07T16:38:25.928+0200: 13.956: Total time for which application threads were stopped: 0.0009660 seconds, Stopping threads took: 0.0008454 seconds
2016-07-07T16:38:25.928+0200: 13.956: Total time for which application threads were stopped: 0.0000902 seconds, Stopping threads took: 0.0000197 seconds
2016-07-07T16:38:25.936+0200: 13.965: Total time for which application threads were stopped: 0.0002134 seconds, Stopping threads took: 0.0000398 seconds
2016-07-07T16:38:25.937+0200: 13.966: Total time for which application threads were stopped: 0.0003588 seconds, Stopping threads took: 0.0002018 seconds
2016-07-07T16:38:25.965+0200: 13.994: Total time for which application threads were stopped: 0.0006611 seconds, Stopping threads took: 0.0005144 seconds
2016-07-07T16:38:25.967+0200: 13.995: Total time for which application threads were stopped: 0.0007039 seconds, Stopping threads took: 0.0006350 seconds
2016-07-07T16:38:26.008+0200: 14.036: Total time for which application threads were stopped: 0.0001095 seconds, Stopping threads took: 0.0000299 seconds
2016-07-07T16:38:26.008+0200: 14.037: Total time for which application threads were stopped: 0.0000761 seconds, Stopping threads took: 0.0000163 seconds
2016-07-07T16:38:26.014+0200: 14.042: Total time for which application threads were stopped: 0.0051085 seconds, Stopping threads took: 0.0000115 seconds
2016-07-07T16:38:26.141+0200: 14.169: Total time for which application threads were stopped: 0.0006816 seconds, Stopping threads took: 0.0005581 seconds
2016-07-07T16:38:26.142+0200: 14.170: Total time for which application threads were stopped: 0.0001672 seconds, Stopping threads took: 0.0001073 seconds
2016-07-07T16:38:26.143+0200: 14.171: Total time for which application threads were stopped: 0.0006581 seconds, Stopping threads took: 0.0005790 seconds
2016-07-07T16:38:26.145+0200: 14.173: Total time for which application threads were stopped: 0.0001886 seconds, Stopping threads took: 0.0000252 seconds
2016-07-07T16:38:26.146+0200: 14.174: Total time for which application threads were stopped: 0.0001527 seconds, Stopping threads took: 0.0000701 seconds
2016-07-07T16:38:26.165+0200: 14.193: Total time for which application threads were stopped: 0.0001873 seconds, Stopping threads took: 0.0000911 seconds
2016-07-07T16:38:26.169+0200: 14.197: Total time for which application threads were stopped: 0.0020287 seconds, Stopping threads took: 0.0019025 seconds
2016-07-07T16:38:26.171+0200: 14.199: Total time for which application threads were stopped: 0.0014912 seconds, Stopping threads took: 0.0013924 seconds
2016-07-07T16:38:26.177+0200: 14.205: Total time for which application threads were stopped: 0.0062452 seconds, Stopping threads took: 0.0061537 seconds
2016-07-07T16:38:26.178+0200: 14.207: Total time for which application threads were stopped: 0.0010819 seconds, Stopping threads took: 0.0010186 seconds
2016-07-07T16:38:26.180+0200: 14.208: Total time for which application threads were stopped: 0.0002763 seconds, Stopping threads took: 0.0002202 seconds
2016-07-07T16:38:26.181+0200: 14.210: Total time for which application threads were stopped: 0.0011281 seconds, Stopping threads took: 0.0010456 seconds
2016-07-07T16:38:26.184+0200: 14.212: Total time for which application threads were stopped: 0.0007633 seconds, Stopping threads took: 0.0006496 seconds
2016-07-07T16:38:26.185+0200: 14.213: Total time for which application threads were stopped: 0.0006915 seconds, Stopping threads took: 0.0006128 seconds
2016-07-07T16:38:26.186+0200: 14.214: Total time for which application threads were stopped: 0.0003780 seconds, Stopping threads took: 0.0003122 seconds
2016-07-07T16:38:26.188+0200: 14.216: Total time for which application threads were stopped: 0.0001381 seconds, Stopping threads took: 0.0000842 seconds
2016-07-07T16:38:26.195+0200: 14.224: Total time for which application threads were stopped: 0.0000855 seconds, Stopping threads took: 0.0000274 seconds
2016-07-07T16:38:26.391+0200: 14.419: Total time for which application threads were stopped: 0.0012500 seconds, Stopping threads took: 0.0004195 seconds
2016-07-07T16:38:26.654+0200: 14.682: Total time for which application threads were stopped: 0.0009665 seconds, Stopping threads took: 0.0008514 seconds
2016-07-07T16:38:26.656+0200: 14.684: Total time for which application threads were stopped: 0.0007231 seconds, Stopping threads took: 0.0006560 seconds
2016-07-07T16:38:26.656+0200: 14.684: Total time for which application threads were stopped: 0.0002805 seconds, Stopping threads took: 0.0002023 seconds
2016-07-07T16:38:26.658+0200: 14.686: Total time for which application threads were stopped: 0.0018671 seconds, Stopping threads took: 0.0017717 seconds
2016-07-07T16:38:26.659+0200: 14.688: Total time for which application threads were stopped: 0.0011396 seconds, Stopping threads took: 0.0010524 seconds
2016-07-07T16:38:26.662+0200: 14.690: Total time for which application threads were stopped: 0.0008352 seconds, Stopping threads took: 0.0007578 seconds
2016-07-07T16:38:26.664+0200: 14.692: Total time for which application threads were stopped: 0.0020723 seconds, Stopping threads took: 0.0019846 seconds
2016-07-07T16:38:26.665+0200: 14.693: Total time for which application threads were stopped: 0.0009314 seconds, Stopping threads took: 0.0006748 seconds
2016-07-07T16:38:26.666+0200: 14.694: Total time for which application threads were stopped: 0.0003212 seconds, Stopping threads took: 0.0002549 seconds
2016-07-07T16:38:26.667+0200: 14.695: Total time for which application threads were stopped: 0.0006338 seconds, Stopping threads took: 0.0005290 seconds
2016-07-07T16:38:26.668+0200: 14.696: Total time for which application threads were stopped: 0.0004926 seconds, Stopping threads took: 0.0004135 seconds
2016-07-07T16:38:26.671+0200: 14.699: Total time for which application threads were stopped: 0.0016789 seconds, Stopping threads took: 0.0015844 seconds
2016-07-07T16:38:26.673+0200: 14.701: Total time for which application threads were stopped: 0.0015245 seconds, Stopping threads took: 0.0014411 seconds
2016-07-07T16:38:26.689+0200: 14.717: Total time for which application threads were stopped: 0.0009044 seconds, Stopping threads took: 0.0007364 seconds
2016-07-07T16:38:26.689+0200: 14.718: Total time for which application threads were stopped: 0.0000761 seconds, Stopping threads took: 0.0000239 seconds
2016-07-07T16:38:26.689+0200: 14.718: Total time for which application threads were stopped: 0.0000569 seconds, Stopping threads took: 0.0000158 seconds
2016-07-07T16:38:26.689+0200: 14.718: Total time for which application threads were stopped: 0.0000440 seconds, Stopping threads took: 0.0000124 seconds
2016-07-07T16:38:42.072+0200: 30.100: Total time for which application threads were stopped: 0.0001133 seconds, Stopping threads took: 0.0000385 seconds
2016-07-07T16:38:42.072+0200: 30.100: Total time for which application threads were stopped: 0.0000684 seconds, Stopping threads took: 0.0000381 seconds
2016-07-07T16:38:42.088+0200: 30.116: Total time for which application threads were stopped: 0.0001005 seconds, Stopping threads took: 0.0000445 seconds
2016-07-07T16:38:52.188+0200: 40.218: Total time for which application threads were stopped: 0.0003271 seconds, Stopping threads took: 0.0001095 seconds
2016-07-07T16:39:22.205+0200: 70.234: Total time for which application threads were stopped: 0.0001052 seconds, Stopping threads took: 0.0000346 seconds
2016-07-07T16:39:22.206+0200: 70.234: Total time for which application threads were stopped: 0.0003314 seconds, Stopping threads took: 0.0002758 seconds
2016-07-07T16:39:22.210+0200: 70.239: Total time for which application threads were stopped: 0.0012705 seconds, Stopping threads took: 0.0012051 seconds
2016-07-07T16:39:23.219+0200: 71.249: Total time for which application threads were stopped: 0.0010618 seconds, Stopping threads took: 0.0000569 seconds
2016-07-07T16:39:26.689+0200: 74.719: Total time for which application threads were stopped: 0.0006752 seconds, Stopping threads took: 0.0005431 seconds
2016-07-07T16:39:26.689+0200: 74.720: Total time for which application threads were stopped: 0.0003755 seconds, Stopping threads took: 0.0002724 seconds
2016-07-07T16:39:26.689+0200: 74.722: Total time for which application threads were stopped: 0.0005191 seconds, Stopping threads took: 0.0002108 seconds
2016-07-07T16:39:26.689+0200: 74.724: Total time for which application threads were stopped: 0.0009917 seconds, Stopping threads took: 0.0007227 seconds
2016-07-07T16:39:26.689+0200: 74.724: Total time for which application threads were stopped: 0.0003164 seconds, Stopping threads took: 0.0002309 seconds
2016-07-07T16:40:01.044+0200: 109.073: Total time for which application threads were stopped: 0.0001022 seconds, Stopping threads took: 0.0000376 seconds
2016-07-07T16:40:01.044+0200: 109.073: Total time for which application threads were stopped: 0.0000902 seconds, Stopping threads took: 0.0000449 seconds
2016-07-07T16:40:01.057+0200: 109.086: Total time for which application threads were stopped: 0.0000774 seconds, Stopping threads took: 0.0000244 seconds
2016-07-07T16:40:08.126+0200: 116.154: Total time for which application threads were stopped: 0.0001788 seconds, Stopping threads took: 0.0000659 seconds
2016-07-07T16:40:14.611+0200: 122.640: Total time for which application threads were stopped: 0.0001001 seconds, Stopping threads took: 0.0000338 seconds
2016-07-07T16:40:14.612+0200: 122.640: Total time for which application threads were stopped: 0.0000958 seconds, Stopping threads took: 0.0000577 seconds
2016-07-07T16:40:14.620+0200: 122.649: Total time for which application threads were stopped: 0.0056542 seconds, Stopping threads took: 0.0055657 seconds
2016-07-07T16:40:28.217+0200: 136.246: Total time for which application threads were stopped: 0.0001398 seconds, Stopping threads took: 0.0000402 seconds
2016-07-07T16:40:28.219+0200: 136.247: Total time for which application threads were stopped: 0.0000539 seconds, Stopping threads took: 0.0000158 seconds
2016-07-07T16:40:28.220+0200: 136.248: Total time for which application threads were stopped: 0.0000556 seconds, Stopping threads took: 0.0000197 seconds
2016-07-07T16:40:28.220+0200: 136.249: Total time for which application threads were stopped: 0.0000351 seconds, Stopping threads took: 0.0000103 seconds
2016-07-07T16:40:28.221+0200: 136.249: Total time for which application threads were stopped: 0.0001142 seconds, Stopping threads took: 0.0000167 seconds
2016-07-07T16:40:28.221+0200: 136.250: Total time for which application threads were stopped: 0.0001967 seconds, Stopping threads took: 0.0000103 seconds
2016-07-07T16:40:28.233+0200: 136.262: Total time for which application threads were stopped: 0.0008476 seconds, Stopping threads took: 0.0007898 seconds
2016-07-07T16:40:28.235+0200: 136.264: Total time for which application threads were stopped: 0.0010092 seconds, Stopping threads took: 0.0009194 seconds
2016-07-07T16:40:28.394+0200: 136.422: Total time for which application threads were stopped: 0.0000975 seconds, Stopping threads took: 0.0000295 seconds
2016-07-07T16:40:28.414+0200: 136.443: Total time for which application threads were stopped: 0.0000971 seconds, Stopping threads took: 0.0000282 seconds
2016-07-07T16:40:29.032+0200: 137.060: Total time for which application threads were stopped: 0.0001492 seconds, Stopping threads took: 0.0000278 seconds
2016-07-07T16:40:29.032+0200: 137.060: Total time for which application threads were stopped: 0.0000663 seconds, Stopping threads took: 0.0000205 seconds
2016-07-07T16:40:29.047+0200: 137.075: Total time for which application threads were stopped: 0.0001326 seconds, Stopping threads took: 0.0000329 seconds
2016-07-07T16:40:48.220+0200: 156.250: Total time for which application threads were stopped: 0.0004717 seconds, Stopping threads took: 0.0002972 seconds
2016-07-07T16:40:48.220+0200: 156.251: Total time for which application threads were stopped: 0.0006829 seconds, Stopping threads took: 0.0005512 seconds
2016-07-07T16:40:48.220+0200: 156.253: Total time for which application threads were stopped: 0.0014587 seconds, Stopping threads took: 0.0013603 seconds
2016-07-07T16:40:48.220+0200: 156.255: Total time for which application threads were stopped: 0.0006017 seconds, Stopping threads took: 0.0004563 seconds
2016-07-07T16:40:48.220+0200: 156.256: Total time for which application threads were stopped: 0.0006013 seconds, Stopping threads took: 0.0005050 seconds
2016-07-07T16:41:17.907+0200: 185.935: Total time for which application threads were stopped: 0.0001244 seconds, Stopping threads took: 0.0000368 seconds
2016-07-07T16:41:17.908+0200: 185.936: Total time for which application threads were stopped: 0.0001963 seconds, Stopping threads took: 0.0001518 seconds
2016-07-07T16:41:17.919+0200: 185.947: Total time for which application threads were stopped: 0.0002463 seconds, Stopping threads took: 0.0001792 seconds
2016-07-07T16:41:27.063+0200: 195.092: Total time for which application threads were stopped: 0.0001330 seconds, Stopping threads took: 0.0000620 seconds
2016-07-07T16:41:27.063+0200: 195.092: Total time for which application threads were stopped: 0.0000718 seconds, Stopping threads took: 0.0000214 seconds
2016-07-07T16:41:27.064+0200: 195.092: Total time for which application threads were stopped: 0.0000475 seconds, Stopping threads took: 0.0000163 seconds
2016-07-07T16:41:27.067+0200: 195.095: Total time for which application threads were stopped: 0.0011593 seconds, Stopping threads took: 0.0011042 seconds
2016-07-07T16:41:27.067+0200: 195.096: Total time for which application threads were stopped: 0.0006633 seconds, Stopping threads took: 0.0006175 seconds
2016-07-07T16:41:27.070+0200: 195.098: Total time for which application threads were stopped: 0.0010614 seconds, Stopping threads took: 0.0010032 seconds
2016-07-07T16:41:27.071+0200: 195.100: Total time for which application threads were stopped: 0.0008450 seconds, Stopping threads took: 0.0006761 seconds
2016-07-07T16:41:27.079+0200: 195.108: Total time for which application threads were stopped: 0.0007903 seconds, Stopping threads took: 0.0007330 seconds
2016-07-07T16:41:27.085+0200: 195.113: Total time for which application threads were stopped: 0.0009617 seconds, Stopping threads took: 0.0008972 seconds
2016-07-07T16:41:27.167+0200: 195.195: Total time for which application threads were stopped: 0.0003951 seconds, Stopping threads took: 0.0001317 seconds
2016-07-07T16:41:27.170+0200: 195.198: Total time for which application threads were stopped: 0.0007056 seconds, Stopping threads took: 0.0006393 seconds
2016-07-07T16:41:27.171+0200: 195.199: Total time for which application threads were stopped: 0.0001527 seconds, Stopping threads took: 0.0001078 seconds
2016-07-07T16:41:27.172+0200: 195.199: Total time for which application threads were stopped: 0.0001086 seconds, Stopping threads took: 0.0000466 seconds
2016-07-07T16:41:27.176+0200: 195.204: Total time for which application threads were stopped: 0.0016348 seconds, Stopping threads took: 0.0015686 seconds
2016-07-07T16:41:27.183+0200: 195.211: Total time for which application threads were stopped: 0.0004383 seconds, Stopping threads took: 0.0003485 seconds
2016-07-07T16:41:32.204+0200: 200.233: Total time for which application threads were stopped: 0.0001740 seconds, Stopping threads took: 0.0000629 seconds
2016-07-07T16:41:53.659+0200: 221.688: Total time for which application threads were stopped: 0.0003164 seconds, Stopping threads took: 0.0002408 seconds
2016-07-07T16:41:53.660+0200: 221.688: Total time for which application threads were stopped: 0.0002476 seconds, Stopping threads took: 0.0001984 seconds
2016-07-07T16:41:53.670+0200: 221.699: Total time for which application threads were stopped: 0.0001574 seconds, Stopping threads took: 0.0000257 seconds
2016-07-07T16:41:53.671+0200: 221.699: Total time for which application threads were stopped: 0.0002292 seconds, Stopping threads took: 0.0001740 seconds
2016-07-07T16:42:13.686+0200: 241.715: Total time for which application threads were stopped: 0.0001518 seconds, Stopping threads took: 0.0000500 seconds
2016-07-07T16:42:13.687+0200: 241.716: Total time for which application threads were stopped: 0.0002570 seconds, Stopping threads took: 0.0002074 seconds
2016-07-07T16:42:13.700+0200: 241.728: Total time for which application threads were stopped: 0.0001291 seconds, Stopping threads took: 0.0000500 seconds
2016-07-07T16:42:18.720+0200: 246.748: Total time for which application threads were stopped: 0.0000954 seconds, Stopping threads took: 0.0000325 seconds
2016-07-07T16:46:20.271+0200: 488.299: Total time for which application threads were stopped: 0.0001270 seconds, Stopping threads took: 0.0000411 seconds
2016-07-07T16:46:20.272+0200: 488.300: Total time for which application threads were stopped: 0.0005747 seconds, Stopping threads took: 0.0005264 seconds
2016-07-07T16:46:20.272+0200: 488.300: Total time for which application threads were stopped: 0.0000885 seconds, Stopping threads took: 0.0000466 seconds
2016-07-07T16:46:20.273+0200: 488.302: Total time for which application threads were stopped: 0.0007154 seconds, Stopping threads took: 0.0006684 seconds
2016-07-07T16:46:20.276+0200: 488.304: Total time for which application threads were stopped: 0.0013227 seconds, Stopping threads took: 0.0011512 seconds
2016-07-07T16:46:20.300+0200: 488.328: Total time for which application threads were stopped: 0.0010032 seconds, Stopping threads took: 0.0009156 seconds
2016-07-07T16:46:20.326+0200: 488.354: Total time for which application threads were stopped: 0.0050016 seconds, Stopping threads took: 0.0049161 seconds
2016-07-07T16:46:22.861+0200: 490.889: Total time for which application threads were stopped: 0.0007103 seconds, Stopping threads took: 0.0006359 seconds
2016-07-07T16:46:22.866+0200: 490.894: Total time for which application threads were stopped: 0.0012303 seconds, Stopping threads took: 0.0011576 seconds
2016-07-07T16:46:22.868+0200: 490.896: Total time for which application threads were stopped: 0.0011473 seconds, Stopping threads took: 0.0010828 seconds
2016-07-07T16:46:22.889+0200: 490.918: Total time for which application threads were stopped: 0.0006316 seconds, Stopping threads took: 0.0005277 seconds
2016-07-07T16:46:32.908+0200: 500.936: Total time for which application threads were stopped: 0.0001039 seconds, Stopping threads took: 0.0000402 seconds
2016-07-07T16:46:44.101+0200: 512.130: Total time for which application threads were stopped: 0.0016819 seconds, Stopping threads took: 0.0015497 seconds
2016-07-07T16:46:44.121+0200: 512.149: Total time for which application threads were stopped: 0.0005221 seconds, Stopping threads took: 0.0004452 seconds
2016-07-07T16:46:45.122+0200: 513.150: Total time for which application threads were stopped: 0.0001039 seconds, Stopping threads took: 0.0000359 seconds
2016-07-07T16:46:47.126+0200: 515.154: Total time for which application threads were stopped: 0.0002130 seconds, Stopping threads took: 0.0000825 seconds
2016-07-07T16:46:49.128+0200: 517.156: Total time for which application threads were stopped: 0.0007847 seconds, Stopping threads took: 0.0006290 seconds
2016-07-07T16:46:50.134+0200: 518.162: Total time for which application threads were stopped: 0.0001463 seconds, Stopping threads took: 0.0000547 seconds
2016-07-07T16:47:11.283+0200: 539.311: Total time for which application threads were stopped: 0.0001326 seconds, Stopping threads took: 0.0000458 seconds
2016-07-07T16:47:22.147+0200: 550.175: Total time for which application threads were stopped: 0.0000825 seconds, Stopping threads took: 0.0000274 seconds
2016-07-07T16:47:23.157+0200: 551.185: Total time for which application threads were stopped: 0.0004148 seconds, Stopping threads took: 0.0002185 seconds
2016-07-07T16:47:25.049+0200: 553.077: Total time for which application threads were stopped: 0.0072514 seconds, Stopping threads took: 0.0067904 seconds
2016-07-07T16:47:25.056+0200: 553.084: Total time for which application threads were stopped: 0.0011478 seconds, Stopping threads took: 0.0001129 seconds
2016-07-07T16:47:26.058+0200: 554.087: Total time for which application threads were stopped: 0.0002040 seconds, Stopping threads took: 0.0000530 seconds
2016-07-07T16:47:36.206+0200: 564.234: Total time for which application threads were stopped: 0.0001146 seconds, Stopping threads took: 0.0000342 seconds
2016-07-07T16:47:36.206+0200: 564.234: Total time for which application threads were stopped: 0.0000761 seconds, Stopping threads took: 0.0000218 seconds
2016-07-07T16:47:36.206+0200: 564.235: Total time for which application threads were stopped: 0.0001061 seconds, Stopping threads took: 0.0000509 seconds
2016-07-07T16:47:36.206+0200: 564.235: Total time for which application threads were stopped: 0.0001407 seconds, Stopping threads took: 0.0000962 seconds
2016-07-07T16:47:36.207+0200: 564.235: Total time for which application threads were stopped: 0.0002181 seconds, Stopping threads took: 0.0001373 seconds
2016-07-07T16:47:36.207+0200: 564.236: Total time for which application threads were stopped: 0.0002724 seconds, Stopping threads took: 0.0001877 seconds
2016-07-07T16:47:36.236+0200: 564.264: Total time for which application threads were stopped: 0.0001206 seconds, Stopping threads took: 0.0000304 seconds
2016-07-07T16:47:36.240+0200: 564.269: Total time for which application threads were stopped: 0.0002951 seconds, Stopping threads took: 0.0000620 seconds
2016-07-07T16:47:36.275+0200: 564.303: Total time for which application threads were stopped: 0.0089328 seconds, Stopping threads took: 0.0088294 seconds
2016-07-07T16:47:36.279+0200: 564.307: Total time for which application threads were stopped: 0.0013915 seconds, Stopping threads took: 0.0012491 seconds
2016-07-07T16:47:36.295+0200: 564.323: Total time for which application threads were stopped: 0.0007150 seconds, Stopping threads took: 0.0005593 seconds
2016-07-07T16:47:36.474+0200: 564.502: Total time for which application threads were stopped: 0.0012342 seconds, Stopping threads took: 0.0011037 seconds
2016-07-07T16:47:36.511+0200: 564.539: Total time for which application threads were stopped: 0.0011969 seconds, Stopping threads took: 0.0010772 seconds
2016-07-07T16:47:37.517+0200: 565.554: Total time for which application threads were stopped: 0.0002314 seconds, Stopping threads took: 0.0000770 seconds
2016-07-07T16:47:57.612+0200: 585.640: Total time for which application threads were stopped: 0.0001236 seconds, Stopping threads took: 0.0000363 seconds
2016-07-07T16:48:02.642+0200: 590.670: Total time for which application threads were stopped: 0.0001428 seconds, Stopping threads took: 0.0000500 seconds
2016-07-07T16:48:17.705+0200: 605.733: Total time for which application threads were stopped: 0.0001142 seconds, Stopping threads took: 0.0000385 seconds
2016-07-07T16:48:47.526+0200: 635.554: Total time for which application threads were stopped: 0.0004092 seconds, Stopping threads took: 0.0003263 seconds
2016-07-07T16:48:47.526+0200: 635.555: Total time for which application threads were stopped: 0.0009297 seconds, Stopping threads took: 0.0008719 seconds
2016-07-07T16:48:47.526+0200: 635.556: Total time for which application threads were stopped: 0.0006731 seconds, Stopping threads took: 0.0006166 seconds
2016-07-07T16:48:48.536+0200: 636.564: Total time for which application threads were stopped: 0.0001471 seconds, Stopping threads took: 0.0000466 seconds
2016-07-07T16:48:57.580+0200: 645.608: Total time for which application threads were stopped: 0.0000889 seconds, Stopping threads took: 0.0000278 seconds
2016-07-07T16:49:07.646+0200: 655.674: Total time for which application threads were stopped: 0.0001518 seconds, Stopping threads took: 0.0000526 seconds
2016-07-07T16:50:07.923+0200: 715.951: Total time for which application threads were stopped: 0.0001232 seconds, Stopping threads took: 0.0000440 seconds
2016-07-07T16:50:28.001+0200: 736.029: Total time for which application threads were stopped: 0.0002455 seconds, Stopping threads took: 0.0001758 seconds
2016-07-07T16:51:38.423+0200: 806.451: Total time for which application threads were stopped: 0.0002001 seconds, Stopping threads took: 0.0000620 seconds
2016-07-07T16:53:49.176+0200: 937.204: Total time for which application threads were stopped: 0.0006774 seconds, Stopping threads took: 0.0003045 seconds
2016-07-07T16:54:28.361+0200: 976.390: Total time for which application threads were stopped: 0.0001886 seconds, Stopping threads took: 0.0000334 seconds
{Heap before GC invocations=3 (full 1):
 par new generation   total 109248K, used 95005K [0x00000000e0000000, 0x00000000e8000000, 0x00000000e8000000)
  eden space 87424K, 100% used [0x00000000e0000000, 0x00000000e5560000, 0x00000000e5560000)
  from space 21824K,  34% used [0x00000000e6ab0000, 0x00000000e7217550, 0x00000000e8000000)
  to   space 21824K,   0% used [0x00000000e5560000, 0x00000000e5560000, 0x00000000e6ab0000)
 concurrent mark-sweep generation total 393216K, used 0K [0x00000000e8000000, 0x0000000100000000, 0x0000000100000000)
 Metaspace       used 27872K, capacity 28232K, committed 28672K, reserved 1075200K
  class space    used 3362K, capacity 3478K, committed 3584K, reserved 1048576K
2016-07-07T16:55:58.370+0200: 1066.398: [GC (Allocation Failure) 2016-07-07T16:55:58.371+0200: 1066.400: [ParNew
Desired survivor size 20112992 bytes, new threshold 8 (max 8)
- age   1:    8784488 bytes,    8784488 total
- age   2:        400 bytes,    8784888 total
- age   3:     939336 bytes,    9724224 total
- age   4:    5187440 bytes,   14911664 total
: 95005K->18334K(109248K), 0.1049931 secs] 95005K->18334K(502464K), 0.1061636 secs] [Times: user=0.03 sys=0.17, real=0.11 secs] 
Heap after GC invocations=4 (full 1):
 par new generation   total 109248K, used 18334K [0x00000000e0000000, 0x00000000e8000000, 0x00000000e8000000)
  eden space 87424K,   0% used [0x00000000e0000000, 0x00000000e0000000, 0x00000000e5560000)
  from space 21824K,  84% used [0x00000000e5560000, 0x00000000e6747a00, 0x00000000e6ab0000)
  to   space 21824K,   0% used [0x00000000e6ab0000, 0x00000000e6ab0000, 0x00000000e8000000)
 concurrent mark-sweep generation total 393216K, used 0K [0x00000000e8000000, 0x0000000100000000, 0x0000000100000000)
 Metaspace       used 27872K, capacity 28232K, committed 28672K, reserved 1075200K
  class space    used 3362K, capacity 3478K, committed 3584K, reserved 1048576K
}
2016-07-07T16:55:58.477+0200: 1066.505: Total time for which application threads were stopped: 0.1087041 seconds, Stopping threads took: 0.0000381 seconds
2016-07-07T16:56:03.480+0200: 1071.508: Total time for which application threads were stopped: 0.0001424 seconds, Stopping threads took: 0.0000475 seconds
2016-07-07T16:56:08.502+0200: 1076.531: Total time for which application threads were stopped: 0.0012658 seconds, Stopping threads took: 0.0011948 seconds
2016-07-07T16:56:18.533+0200: 1086.562: Total time for which application threads were stopped: 0.0002040 seconds, Stopping threads took: 0.0000624 seconds
2016-07-07T16:56:38.610+0200: 1106.638: Total time for which application threads were stopped: 0.0001189 seconds, Stopping threads took: 0.0000398 seconds
2016-07-07T16:56:43.643+0200: 1111.671: Total time for which application threads were stopped: 0.0001253 seconds, Stopping threads took: 0.0000428 seconds
2016-07-07T16:56:48.677+0200: 1116.705: Total time for which application threads were stopped: 0.0001223 seconds, Stopping threads took: 0.0000389 seconds
2016-07-07T16:59:19.252+0200: 1267.280: Total time for which application threads were stopped: 0.0001591 seconds, Stopping threads took: 0.0000496 seconds
2016-07-07T16:59:39.362+0200: 1287.390: Total time for which application threads were stopped: 0.0001227 seconds, Stopping threads took: 0.0000402 seconds
2016-07-07T16:59:49.385+0200: 1297.413: Total time for which application threads were stopped: 0.0001351 seconds, Stopping threads took: 0.0000594 seconds
2016-07-07T17:00:09.471+0200: 1317.499: Total time for which application threads were stopped: 0.0001120 seconds, Stopping threads took: 0.0000389 seconds
2016-07-07T17:02:09.985+0200: 1438.014: Total time for which application threads were stopped: 0.0002596 seconds, Stopping threads took: 0.0000864 seconds
2016-07-07T17:02:15.001+0200: 1443.029: Total time for which application threads were stopped: 0.0001210 seconds, Stopping threads took: 0.0000419 seconds
2016-07-07T17:02:20.033+0200: 1448.061: Total time for which application threads were stopped: 0.0001176 seconds, Stopping threads took: 0.0000368 seconds
2016-07-07T17:03:49.347+0200: 1537.375: Total time for which application threads were stopped: 0.0001330 seconds, Stopping threads took: 0.0000372 seconds
2016-07-07T17:03:59.408+0200: 1547.436: Total time for which application threads were stopped: 0.0001377 seconds, Stopping threads took: 0.0000466 seconds
2016-07-07T17:05:19.738+0200: 1627.766: Total time for which application threads were stopped: 0.0002463 seconds, Stopping threads took: 0.0000851 seconds
2016-07-07T17:06:39.988+0200: 1708.016: Total time for which application threads were stopped: 0.0001599 seconds, Stopping threads took: 0.0000500 seconds
2016-07-07T17:07:00.097+0200: 1728.125: Total time for which application threads were stopped: 0.0003070 seconds, Stopping threads took: 0.0001574 seconds
2016-07-07T17:07:15.239+0200: 1743.267: Total time for which application threads were stopped: 0.0001317 seconds, Stopping threads took: 0.0000436 seconds
2016-07-07T17:07:20.242+0200: 1748.270: Total time for which application threads were stopped: 0.0001291 seconds, Stopping threads took: 0.0000432 seconds
2016-07-07T17:07:30.298+0200: 1758.327: Total time for which application threads were stopped: 0.0001578 seconds, Stopping threads took: 0.0000509 seconds
2016-07-07T17:07:40.310+0200: 1768.338: Total time for which application threads were stopped: 0.0001142 seconds, Stopping threads took: 0.0000376 seconds
2016-07-07T17:07:50.330+0200: 1778.359: Total time for which application threads were stopped: 0.0002925 seconds, Stopping threads took: 0.0001018 seconds
2016-07-07T17:08:10.425+0200: 1798.453: Total time for which application threads were stopped: 0.0001364 seconds, Stopping threads took: 0.0000509 seconds
2016-07-07T17:10:21.004+0200: 1929.033: Total time for which application threads were stopped: 0.0001890 seconds, Stopping threads took: 0.0000547 seconds
2016-07-07T17:14:49.346+0200: 2197.374: Total time for which application threads were stopped: 0.0002647 seconds, Stopping threads took: 0.0000804 seconds
2016-07-07T17:15:44.721+0200: 2252.749: Total time for which application threads were stopped: 0.0002061 seconds, Stopping threads took: 0.0000697 seconds
2016-07-07T17:16:05.908+0200: 2273.936: Total time for which application threads were stopped: 0.0002155 seconds, Stopping threads took: 0.0000697 seconds
2016-07-07T17:16:28.111+0200: 2296.140: Total time for which application threads were stopped: 0.0002386 seconds, Stopping threads took: 0.0000800 seconds
2016-07-07T17:17:12.533+0200: 2340.561: Total time for which application threads were stopped: 0.0003182 seconds, Stopping threads took: 0.0000992 seconds
2016-07-07T17:17:33.751+0200: 2361.780: Total time for which application threads were stopped: 0.0003224 seconds, Stopping threads took: 0.0001685 seconds
2016-07-07T17:19:51.909+0200: 2499.937: Total time for which application threads were stopped: 0.0001732 seconds, Stopping threads took: 0.0000475 seconds
2016-07-07T17:19:56.955+0200: 2504.987: Total time for which application threads were stopped: 0.0002036 seconds, Stopping threads took: 0.0000714 seconds
2016-07-07T17:22:14.737+0200: 2642.767: Total time for which application threads were stopped: 0.0003943 seconds, Stopping threads took: 0.0000714 seconds
2016-07-07T17:22:15.752+0200: 2643.780: Total time for which application threads were stopped: 0.0002138 seconds, Stopping threads took: 0.0000800 seconds
2016-07-21T16:11:56.032+0200: 3320.565: Total time for which application threads were stopped: 0.0002228 seconds, Stopping threads took: 0.0000505 seconds
2016-07-21T16:11:56.035+0200: 3320.565: Total time for which application threads were stopped: 0.0000911 seconds, Stopping threads took: 0.0000423 seconds
2016-07-21T16:11:56.059+0200: 3320.591: Total time for which application threads were stopped: 0.0001103 seconds, Stopping threads took: 0.0000338 seconds
2016-07-21T16:11:56.082+0200: 3320.612: Total time for which application threads were stopped: 0.0001026 seconds, Stopping threads took: 0.0000321 seconds
2016-07-21T16:11:56.082+0200: 3320.614: Total time for which application threads were stopped: 0.0008908 seconds, Stopping threads took: 0.0008339 seconds
2016-07-21T16:11:56.090+0200: 3320.620: Total time for which application threads were stopped: 0.0001437 seconds, Stopping threads took: 0.0000265 seconds
2016-07-21T16:12:23.344+0200: 3347.873: Total time for which application threads were stopped: 0.0002540 seconds, Stopping threads took: 0.0000813 seconds
2016-07-21T16:14:41.201+0200: 3485.733: Total time for which application threads were stopped: 0.0004161 seconds, Stopping threads took: 0.0002284 seconds
2016-07-21T16:37:14.081+0200: 4838.624: Total time for which application threads were stopped: 0.0032569 seconds, Stopping threads took: 0.0004683 seconds
2016-07-21T16:37:44.330+0200: 4868.870: Total time for which application threads were stopped: 0.0002074 seconds, Stopping threads took: 0.0000744 seconds
2016-07-21T16:39:43.917+0200: 4988.457: Total time for which application threads were stopped: 0.0002562 seconds, Stopping threads took: 0.0000804 seconds
2016-07-21T16:40:13.930+0200: 5018.470: Total time for which application threads were stopped: 0.0001685 seconds, Stopping threads took: 0.0000500 seconds
2016-07-21T16:44:38.625+0200: 5283.164: Total time for which application threads were stopped: 0.0007894 seconds, Stopping threads took: 0.0000402 seconds
2016-07-21T16:44:38.628+0200: 5283.168: Total time for which application threads were stopped: 0.0002091 seconds, Stopping threads took: 0.0001185 seconds
2016-07-21T16:44:38.649+0200: 5283.188: Total time for which application threads were stopped: 0.0001082 seconds, Stopping threads took: 0.0000269 seconds
2016-07-21T16:46:06.401+0200: 5370.940: Total time for which application threads were stopped: 0.0002741 seconds, Stopping threads took: 0.0001642 seconds
2016-07-21T16:46:06.402+0200: 5370.942: Total time for which application threads were stopped: 0.0012692 seconds, Stopping threads took: 0.0010811 seconds
2016-07-21T16:46:06.410+0200: 5370.949: Total time for which application threads were stopped: 0.0001569 seconds, Stopping threads took: 0.0000316 seconds
2016-07-21T16:56:24.678+0200: 5989.218: Total time for which application threads were stopped: 0.0008531 seconds, Stopping threads took: 0.0002485 seconds
2016-07-21T16:56:24.680+0200: 5989.219: Total time for which application threads were stopped: 0.0009006 seconds, Stopping threads took: 0.0008613 seconds
2016-07-21T16:56:24.695+0200: 5989.234: Total time for which application threads were stopped: 0.0001343 seconds, Stopping threads took: 0.0000295 seconds
2016-07-21T17:11:19.187+0200: 6883.727: Total time for which application threads were stopped: 0.0032286 seconds, Stopping threads took: 0.0002951 seconds
2016-07-21T17:11:19.192+0200: 6883.731: Total time for which application threads were stopped: 0.0002309 seconds, Stopping threads took: 0.0000304 seconds
2016-07-21T17:11:19.208+0200: 6883.748: Total time for which application threads were stopped: 0.0001274 seconds, Stopping threads took: 0.0000321 seconds
2016-07-21T17:11:19.229+0200: 6883.768: Total time for which application threads were stopped: 0.0001488 seconds, Stopping threads took: 0.0000295 seconds
2016-07-21T17:11:19.231+0200: 6883.771: Total time for which application threads were stopped: 0.0000778 seconds, Stopping threads took: 0.0000214 seconds
2016-07-21T17:11:19.250+0200: 6883.790: Total time for which application threads were stopped: 0.0130441 seconds, Stopping threads took: 0.0129526 seconds
2016-07-21T17:23:46.972+0200: 7631.511: Total time for which application threads were stopped: 0.0011110 seconds, Stopping threads took: 0.0003066 seconds
2016-07-21T17:23:46.973+0200: 7631.513: Total time for which application threads were stopped: 0.0011743 seconds, Stopping threads took: 0.0002284 seconds
2016-07-21T17:23:47.021+0200: 7631.560: Total time for which application threads were stopped: 0.0003720 seconds, Stopping threads took: 0.0002164 seconds
2016-07-21T17:25:14.681+0200: 7719.220: Total time for which application threads were stopped: 0.0005085 seconds, Stopping threads took: 0.0000830 seconds
2016-07-21T17:30:01.287+0200: 8005.827: Total time for which application threads were stopped: 0.0001510 seconds, Stopping threads took: 0.0000381 seconds
2016-07-21T17:30:01.289+0200: 8005.828: Total time for which application threads were stopped: 0.0002155 seconds, Stopping threads took: 0.0001351 seconds
2016-07-21T17:30:01.308+0200: 8005.848: Total time for which application threads were stopped: 0.0007693 seconds, Stopping threads took: 0.0006684 seconds
2016-07-21T17:38:35.005+0200: 8519.544: Total time for which application threads were stopped: 0.0010191 seconds, Stopping threads took: 0.0003079 seconds
2016-07-21T17:38:35.007+0200: 8519.546: Total time for which application threads were stopped: 0.0005606 seconds, Stopping threads took: 0.0004683 seconds
2016-07-21T17:38:35.030+0200: 8519.569: Total time for which application threads were stopped: 0.0013646 seconds, Stopping threads took: 0.0011473 seconds
2016-07-21T17:48:09.834+0200: 9094.374: Total time for which application threads were stopped: 0.0009382 seconds, Stopping threads took: 0.0002972 seconds
2016-07-21T17:48:09.837+0200: 9094.377: Total time for which application threads were stopped: 0.0010468 seconds, Stopping threads took: 0.0009429 seconds
2016-07-21T17:48:09.861+0200: 9094.401: Total time for which application threads were stopped: 0.0001886 seconds, Stopping threads took: 0.0000321 seconds
2016-07-21T17:48:44.794+0200: 9129.334: Total time for which application threads were stopped: 0.0008707 seconds, Stopping threads took: 0.0000376 seconds
2016-07-21T17:48:44.798+0200: 9129.338: Total time for which application threads were stopped: 0.0000582 seconds, Stopping threads took: 0.0000167 seconds
2016-07-21T17:48:44.808+0200: 9129.347: Total time for which application threads were stopped: 0.0003562 seconds, Stopping threads took: 0.0002844 seconds
2016-07-21T17:51:02.824+0200: 9267.364: Total time for which application threads were stopped: 0.0001578 seconds, Stopping threads took: 0.0000393 seconds
2016-07-21T17:51:02.826+0200: 9267.366: Total time for which application threads were stopped: 0.0016870 seconds, Stopping threads took: 0.0016323 seconds
2016-07-21T17:51:02.845+0200: 9267.385: Total time for which application threads were stopped: 0.0048451 seconds, Stopping threads took: 0.0047373 seconds
2016-07-21T17:52:48.317+0200: 9372.856: Total time for which application threads were stopped: 0.0001505 seconds, Stopping threads took: 0.0000398 seconds
2016-07-21T17:52:48.319+0200: 9372.858: Total time for which application threads were stopped: 0.0017610 seconds, Stopping threads took: 0.0009092 seconds
2016-07-21T17:52:48.320+0200: 9372.859: Total time for which application threads were stopped: 0.0000941 seconds, Stopping threads took: 0.0000188 seconds
2016-07-21T17:52:48.324+0200: 9372.863: Total time for which application threads were stopped: 0.0010836 seconds, Stopping threads took: 0.0009523 seconds
2016-07-21T17:53:44.429+0200: 9428.969: Total time for which application threads were stopped: 0.0001309 seconds, Stopping threads took: 0.0000385 seconds
2016-07-21T17:53:44.430+0200: 9428.970: Total time for which application threads were stopped: 0.0011743 seconds, Stopping threads took: 0.0011093 seconds
2016-07-21T17:53:44.433+0200: 9428.973: Total time for which application threads were stopped: 0.0001959 seconds, Stopping threads took: 0.0001309 seconds
2016-07-21T17:54:45.851+0200: 9490.390: Total time for which application threads were stopped: 0.0001309 seconds, Stopping threads took: 0.0000368 seconds
2016-07-21T17:54:45.853+0200: 9490.392: Total time for which application threads were stopped: 0.0009331 seconds, Stopping threads took: 0.0008873 seconds
2016-07-21T17:54:45.867+0200: 9490.407: Total time for which application threads were stopped: 0.0005786 seconds, Stopping threads took: 0.0004896 seconds
2016-07-21T17:55:44.943+0200: 9549.483: Total time for which application threads were stopped: 0.0001514 seconds, Stopping threads took: 0.0000470 seconds
2016-07-21T17:55:44.944+0200: 9549.483: Total time for which application threads were stopped: 0.0000552 seconds, Stopping threads took: 0.0000184 seconds
2016-07-21T17:55:44.944+0200: 9549.484: Total time for which application threads were stopped: 0.0001852 seconds, Stopping threads took: 0.0000248 seconds
2016-07-21T17:55:44.947+0200: 9549.486: Total time for which application threads were stopped: 0.0001758 seconds, Stopping threads took: 0.0000239 seconds
2016-07-21T17:56:09.030+0200: 9573.570: Total time for which application threads were stopped: 0.0001356 seconds, Stopping threads took: 0.0000393 seconds
2016-07-21T17:56:09.031+0200: 9573.571: Total time for which application threads were stopped: 0.0001172 seconds, Stopping threads took: 0.0000800 seconds
2016-07-21T17:56:09.042+0200: 9573.582: Total time for which application threads were stopped: 0.0001018 seconds, Stopping threads took: 0.0000287 seconds
2016-07-21T17:56:31.645+0200: 9596.184: Total time for which application threads were stopped: 0.0001180 seconds, Stopping threads took: 0.0000355 seconds
2016-07-21T17:56:31.645+0200: 9596.185: Total time for which application threads were stopped: 0.0000813 seconds, Stopping threads took: 0.0000466 seconds
2016-07-21T17:56:31.648+0200: 9596.187: Total time for which application threads were stopped: 0.0001338 seconds, Stopping threads took: 0.0000210 seconds
2016-07-21T17:56:47.817+0200: 9612.357: Total time for which application threads were stopped: 0.0001518 seconds, Stopping threads took: 0.0000398 seconds
2016-07-21T17:56:47.817+0200: 9612.357: Total time for which application threads were stopped: 0.0000492 seconds, Stopping threads took: 0.0000163 seconds
2016-07-21T17:56:47.825+0200: 9612.364: Total time for which application threads were stopped: 0.0001197 seconds, Stopping threads took: 0.0000325 seconds
2016-07-21T17:57:17.725+0200: 9642.265: Total time for which application threads were stopped: 0.0001608 seconds, Stopping threads took: 0.0000389 seconds
2016-07-21T17:57:17.726+0200: 9642.265: Total time for which application threads were stopped: 0.0001458 seconds, Stopping threads took: 0.0000158 seconds
2016-07-21T17:57:17.735+0200: 9642.274: Total time for which application threads were stopped: 0.0000646 seconds, Stopping threads took: 0.0000171 seconds
2016-07-21T17:57:17.737+0200: 9642.277: Total time for which application threads were stopped: 0.0002160 seconds, Stopping threads took: 0.0001488 seconds
2016-07-21T17:58:33.343+0200: 9717.882: Total time for which application threads were stopped: 0.0001326 seconds, Stopping threads took: 0.0000389 seconds
2016-07-21T17:58:33.344+0200: 9717.884: Total time for which application threads were stopped: 0.0012277 seconds, Stopping threads took: 0.0011362 seconds
2016-07-21T17:58:33.348+0200: 9717.887: Total time for which application threads were stopped: 0.0001150 seconds, Stopping threads took: 0.0000483 seconds
2016-07-21T17:58:41.921+0200: 9726.461: Total time for which application threads were stopped: 0.0002365 seconds, Stopping threads took: 0.0000381 seconds
2016-07-21T17:58:41.921+0200: 9726.461: Total time for which application threads were stopped: 0.0000847 seconds, Stopping threads took: 0.0000483 seconds
2016-07-21T17:58:41.941+0200: 9726.480: Total time for which application threads were stopped: 0.0003780 seconds, Stopping threads took: 0.0002839 seconds
2016-07-21T17:59:07.673+0200: 9752.212: Total time for which application threads were stopped: 0.0001364 seconds, Stopping threads took: 0.0000415 seconds
2016-07-21T17:59:07.673+0200: 9752.213: Total time for which application threads were stopped: 0.0000500 seconds, Stopping threads took: 0.0000167 seconds
2016-07-21T17:59:07.686+0200: 9752.226: Total time for which application threads were stopped: 0.0001039 seconds, Stopping threads took: 0.0000304 seconds
2016-07-21T18:00:57.300+0200: 9861.839: Total time for which application threads were stopped: 0.0001364 seconds, Stopping threads took: 0.0000402 seconds
2016-07-21T18:00:57.301+0200: 9861.840: Total time for which application threads were stopped: 0.0000885 seconds, Stopping threads took: 0.0000462 seconds
2016-07-21T18:00:57.305+0200: 9861.845: Total time for which application threads were stopped: 0.0001056 seconds, Stopping threads took: 0.0000257 seconds
2016-07-21T18:18:23.031+0200: 10907.570: Total time for which application threads were stopped: 0.0011516 seconds, Stopping threads took: 0.0002831 seconds
2016-07-21T18:18:23.033+0200: 10907.573: Total time for which application threads were stopped: 0.0017452 seconds, Stopping threads took: 0.0016100 seconds
2016-07-21T18:18:23.054+0200: 10907.593: Total time for which application threads were stopped: 0.0006453 seconds, Stopping threads took: 0.0004815 seconds
2016-07-21T18:18:23.072+0200: 10907.613: Total time for which application threads were stopped: 0.0001873 seconds, Stopping threads took: 0.0001172 seconds
2016-07-21T18:18:23.075+0200: 10907.615: Total time for which application threads were stopped: 0.0020402 seconds, Stopping threads took: 0.0019868 seconds
2016-07-21T18:18:23.079+0200: 10907.619: Total time for which application threads were stopped: 0.0004811 seconds, Stopping threads took: 0.0004045 seconds
2016-07-21T18:18:24.244+0200: 10908.783: Total time for which application threads were stopped: 0.0000966 seconds, Stopping threads took: 0.0000282 seconds
2016-07-21T18:18:24.245+0200: 10908.784: Total time for which application threads were stopped: 0.0002514 seconds, Stopping threads took: 0.0000124 seconds
2016-07-21T18:18:24.245+0200: 10908.785: Total time for which application threads were stopped: 0.0001792 seconds, Stopping threads took: 0.0001262 seconds
2016-07-21T18:18:24.249+0200: 10908.789: Total time for which application threads were stopped: 0.0003109 seconds, Stopping threads took: 0.0001099 seconds
2016-07-22T10:51:23.712+0200: 15343.705: Total time for which application threads were stopped: 0.0011623 seconds, Stopping threads took: 0.0003981 seconds
2016-07-22T10:51:23.714+0200: 15343.708: Total time for which application threads were stopped: 0.0019658 seconds, Stopping threads took: 0.0019145 seconds
2016-07-22T10:51:23.718+0200: 15343.712: Total time for which application threads were stopped: 0.0024320 seconds, Stopping threads took: 0.0022742 seconds
2016-07-22T10:51:23.720+0200: 15343.713: Total time for which application threads were stopped: 0.0012581 seconds, Stopping threads took: 0.0011837 seconds
2016-07-22T10:51:23.721+0200: 15343.714: Total time for which application threads were stopped: 0.0001518 seconds, Stopping threads took: 0.0000406 seconds
2016-07-22T10:51:23.721+0200: 15343.714: Total time for which application threads were stopped: 0.0000872 seconds, Stopping threads took: 0.0000475 seconds
2016-07-22T10:51:23.724+0200: 15343.717: Total time for which application threads were stopped: 0.0016096 seconds, Stopping threads took: 0.0015117 seconds
2016-07-22T10:51:23.726+0200: 15343.719: Total time for which application threads were stopped: 0.0009369 seconds, Stopping threads took: 0.0008664 seconds
2016-07-22T10:51:23.730+0200: 15343.723: Total time for which application threads were stopped: 0.0037521 seconds, Stopping threads took: 0.0005807 seconds
2016-07-22T10:51:23.742+0200: 15343.735: Total time for which application threads were stopped: 0.0105899 seconds, Stopping threads took: 0.0104783 seconds
2016-07-22T10:51:24.744+0200: 15344.737: Total time for which application threads were stopped: 0.0014039 seconds, Stopping threads took: 0.0010126 seconds
2016-07-22T10:51:24.791+0200: 15344.784: Total time for which application threads were stopped: 0.0012055 seconds, Stopping threads took: 0.0009861 seconds
2016-07-22T10:51:24.796+0200: 15344.789: Total time for which application threads were stopped: 0.0018136 seconds, Stopping threads took: 0.0009665 seconds
2016-07-22T10:51:24.978+0200: 15344.970: Total time for which application threads were stopped: 0.0012055 seconds, Stopping threads took: 0.0002647 seconds
2016-07-22T10:51:24.982+0200: 15344.975: Total time for which application threads were stopped: 0.0001565 seconds, Stopping threads took: 0.0000316 seconds
2016-07-22T10:51:25.982+0200: 15345.975: Total time for which application threads were stopped: 0.0001073 seconds, Stopping threads took: 0.0000329 seconds
2016-07-22T10:51:31.497+0200: 15351.490: Total time for which application threads were stopped: 0.0001330 seconds, Stopping threads took: 0.0000389 seconds
2016-07-22T10:51:31.498+0200: 15351.491: Total time for which application threads were stopped: 0.0001788 seconds, Stopping threads took: 0.0001202 seconds
2016-07-22T10:51:31.512+0200: 15351.505: Total time for which application threads were stopped: 0.0001642 seconds, Stopping threads took: 0.0000359 seconds
2016-07-22T10:51:31.540+0200: 15351.533: Total time for which application threads were stopped: 0.0002656 seconds, Stopping threads took: 0.0000321 seconds
2016-07-22T10:51:31.559+0200: 15351.552: Total time for which application threads were stopped: 0.0001129 seconds, Stopping threads took: 0.0000359 seconds
2016-07-22T10:51:31.559+0200: 15351.552: Total time for which application threads were stopped: 0.0000641 seconds, Stopping threads took: 0.0000197 seconds
2016-07-22T10:51:33.714+0200: 15353.707: Total time for which application threads were stopped: 0.0071346 seconds, Stopping threads took: 0.0068272 seconds
2016-07-22T10:51:33.716+0200: 15353.708: Total time for which application threads were stopped: 0.0000975 seconds, Stopping threads took: 0.0000278 seconds
2016-07-22T10:51:33.716+0200: 15353.709: Total time for which application threads were stopped: 0.0000736 seconds, Stopping threads took: 0.0000218 seconds
2016-07-22T10:51:33.716+0200: 15353.709: Total time for which application threads were stopped: 0.0000586 seconds, Stopping threads took: 0.0000171 seconds
2016-07-22T10:54:13.268+0200: 15513.261: Total time for which application threads were stopped: 0.0001415 seconds, Stopping threads took: 0.0000419 seconds
2016-07-22T10:54:13.270+0200: 15513.262: Total time for which application threads were stopped: 0.0000937 seconds, Stopping threads took: 0.0000304 seconds
2016-07-22T10:54:13.300+0200: 15513.293: Total time for which application threads were stopped: 0.0001356 seconds, Stopping threads took: 0.0000449 seconds
2016-07-22T10:55:36.807+0200: 15596.800: Total time for which application threads were stopped: 0.0001706 seconds, Stopping threads took: 0.0000402 seconds
2016-07-22T10:55:36.807+0200: 15596.800: Total time for which application threads were stopped: 0.0000765 seconds, Stopping threads took: 0.0000192 seconds
2016-07-22T10:55:36.811+0200: 15596.804: Total time for which application threads were stopped: 0.0006765 seconds, Stopping threads took: 0.0005918 seconds
2016-07-22T10:58:06.837+0200: 15746.830: Total time for which application threads were stopped: 0.0001373 seconds, Stopping threads took: 0.0000423 seconds
2016-07-22T10:58:06.838+0200: 15746.832: Total time for which application threads were stopped: 0.0008010 seconds, Stopping threads took: 0.0007484 seconds
2016-07-22T10:58:06.841+0200: 15746.835: Total time for which application threads were stopped: 0.0005358 seconds, Stopping threads took: 0.0004653 seconds
2016-07-22T10:59:16.992+0200: 15816.986: Total time for which application threads were stopped: 0.0001403 seconds, Stopping threads took: 0.0000449 seconds
2016-07-22T10:59:16.994+0200: 15816.987: Total time for which application threads were stopped: 0.0000877 seconds, Stopping threads took: 0.0000244 seconds
2016-07-22T10:59:17.005+0200: 15816.998: Total time for which application threads were stopped: 0.0001061 seconds, Stopping threads took: 0.0000299 seconds
2016-07-22T11:00:38.919+0200: 15898.912: Total time for which application threads were stopped: 0.0001424 seconds, Stopping threads took: 0.0000423 seconds
2016-07-22T11:00:38.920+0200: 15898.913: Total time for which application threads were stopped: 0.0004358 seconds, Stopping threads took: 0.0003806 seconds
2016-07-22T11:00:38.925+0200: 15898.918: Total time for which application threads were stopped: 0.0010622 seconds, Stopping threads took: 0.0009707 seconds
2016-07-22T11:01:24.292+0200: 15944.285: Total time for which application threads were stopped: 0.0001108 seconds, Stopping threads took: 0.0000325 seconds
2016-07-22T11:01:24.293+0200: 15944.286: Total time for which application threads were stopped: 0.0006235 seconds, Stopping threads took: 0.0005679 seconds
2016-07-22T11:01:24.301+0200: 15944.294: Total time for which application threads were stopped: 0.0002031 seconds, Stopping threads took: 0.0000261 seconds
2016-07-22T11:01:24.305+0200: 15944.298: Total time for which application threads were stopped: 0.0009408 seconds, Stopping threads took: 0.0008591 seconds
2016-07-22T11:01:46.271+0200: 15966.264: Total time for which application threads were stopped: 0.0001941 seconds, Stopping threads took: 0.0000573 seconds
2016-07-22T11:01:46.271+0200: 15966.265: Total time for which application threads were stopped: 0.0003212 seconds, Stopping threads took: 0.0001535 seconds
2016-07-22T11:01:46.276+0200: 15966.269: Total time for which application threads were stopped: 0.0001266 seconds, Stopping threads took: 0.0000505 seconds
2016-07-22T11:01:46.291+0200: 15966.284: Total time for which application threads were stopped: 0.0008343 seconds, Stopping threads took: 0.0007582 seconds
2016-07-22T11:09:18.306+0200: 16418.299: Total time for which application threads were stopped: 0.0013248 seconds, Stopping threads took: 0.0003079 seconds
2016-07-22T11:09:18.308+0200: 16418.301: Total time for which application threads were stopped: 0.0010139 seconds, Stopping threads took: 0.0008933 seconds
2016-07-22T11:09:18.326+0200: 16418.319: Total time for which application threads were stopped: 0.0003378 seconds, Stopping threads took: 0.0002095 seconds
2016-07-22T11:11:45.165+0200: 16565.158: Total time for which application threads were stopped: 0.0002018 seconds, Stopping threads took: 0.0000500 seconds
2016-07-22T11:11:45.165+0200: 16565.158: Total time for which application threads were stopped: 0.0001912 seconds, Stopping threads took: 0.0001150 seconds
2016-07-22T11:11:45.178+0200: 16565.173: Total time for which application threads were stopped: 0.0029832 seconds, Stopping threads took: 0.0028925 seconds
2016-07-22T11:12:43.375+0200: 16623.367: Total time for which application threads were stopped: 0.0001398 seconds, Stopping threads took: 0.0000376 seconds
2016-07-22T11:12:43.376+0200: 16623.369: Total time for which application threads were stopped: 0.0011097 seconds, Stopping threads took: 0.0010404 seconds
2016-07-22T11:12:43.382+0200: 16623.375: Total time for which application threads were stopped: 0.0002463 seconds, Stopping threads took: 0.0000791 seconds
2016-07-22T11:42:03.539+0200: 18383.532: Total time for which application threads were stopped: 0.0045038 seconds, Stopping threads took: 0.0003686 seconds
2016-07-22T11:42:03.543+0200: 18383.537: Total time for which application threads were stopped: 0.0033924 seconds, Stopping threads took: 0.0027480 seconds
2016-07-22T11:42:03.615+0200: 18383.608: Total time for which application threads were stopped: 0.0113400 seconds, Stopping threads took: 0.0025076 seconds
2016-07-22T11:52:24.497+0200: 19004.493: Total time for which application threads were stopped: 0.0123201 seconds, Stopping threads took: 0.0025295 seconds
2016-07-22T11:52:24.505+0200: 19004.498: Total time for which application threads were stopped: 0.0001386 seconds, Stopping threads took: 0.0000299 seconds
2016-07-22T11:52:24.610+0200: 19004.603: Total time for which application threads were stopped: 0.0017430 seconds, Stopping threads took: 0.0014475 seconds
2016-07-22T11:52:24.636+0200: 19004.630: Total time for which application threads were stopped: 0.0015639 seconds, Stopping threads took: 0.0013915 seconds
2016-07-22T11:52:24.637+0200: 19004.631: Total time for which application threads were stopped: 0.0002057 seconds, Stopping threads took: 0.0000765 seconds
2016-07-22T11:52:24.650+0200: 19004.643: Total time for which application threads were stopped: 0.0001736 seconds, Stopping threads took: 0.0000282 seconds
2016-07-22T12:27:52.192+0200: 21132.186: Total time for which application threads were stopped: 0.0049640 seconds, Stopping threads took: 0.0015442 seconds
2016-07-22T12:27:52.202+0200: 21132.195: Total time for which application threads were stopped: 0.0070218 seconds, Stopping threads took: 0.0013577 seconds
2016-07-22T12:27:52.206+0200: 21132.200: Total time for which application threads were stopped: 0.0002104 seconds, Stopping threads took: 0.0000278 seconds
2016-07-22T12:27:52.245+0200: 21132.238: Total time for which application threads were stopped: 0.0013958 seconds, Stopping threads took: 0.0012004 seconds
2016-07-22T12:30:51.113+0200: 21311.106: Total time for which application threads were stopped: 0.0001420 seconds, Stopping threads took: 0.0000411 seconds
2016-07-22T12:30:51.113+0200: 21311.107: Total time for which application threads were stopped: 0.0003990 seconds, Stopping threads took: 0.0003656 seconds
2016-07-22T12:30:51.122+0200: 21311.115: Total time for which application threads were stopped: 0.0006842 seconds, Stopping threads took: 0.0004063 seconds
2016-07-22T12:31:06.709+0200: 21326.702: Total time for which application threads were stopped: 0.0001454 seconds, Stopping threads took: 0.0000419 seconds
2016-07-22T12:31:06.709+0200: 21326.702: Total time for which application threads were stopped: 0.0000838 seconds, Stopping threads took: 0.0000239 seconds
2016-07-22T12:31:06.718+0200: 21326.712: Total time for which application threads were stopped: 0.0001112 seconds, Stopping threads took: 0.0000304 seconds
2016-07-22T12:31:39.295+0200: 21359.288: Total time for which application threads were stopped: 0.0001415 seconds, Stopping threads took: 0.0000406 seconds
2016-07-22T12:31:39.295+0200: 21359.289: Total time for which application threads were stopped: 0.0001963 seconds, Stopping threads took: 0.0000911 seconds
2016-07-22T12:31:39.311+0200: 21359.304: Total time for which application threads were stopped: 0.0012714 seconds, Stopping threads took: 0.0011589 seconds
2016-07-22T12:32:02.306+0200: 21382.299: Total time for which application threads were stopped: 0.0001415 seconds, Stopping threads took: 0.0000423 seconds
2016-07-22T12:32:02.317+0200: 21382.309: Total time for which application threads were stopped: 0.0099840 seconds, Stopping threads took: 0.0098916 seconds
2016-07-22T12:32:02.319+0200: 21382.313: Total time for which application threads were stopped: 0.0000881 seconds, Stopping threads took: 0.0000248 seconds
2016-07-22T12:32:28.898+0200: 21408.891: Total time for which application threads were stopped: 0.0001433 seconds, Stopping threads took: 0.0000436 seconds
2016-07-22T12:32:28.898+0200: 21408.891: Total time for which application threads were stopped: 0.0000671 seconds, Stopping threads took: 0.0000180 seconds
2016-07-22T12:32:28.914+0200: 21408.907: Total time for which application threads were stopped: 0.0008193 seconds, Stopping threads took: 0.0007308 seconds
2016-07-22T12:32:42.671+0200: 21422.665: Total time for which application threads were stopped: 0.0001287 seconds, Stopping threads took: 0.0000381 seconds
2016-07-22T12:32:42.672+0200: 21422.665: Total time for which application threads were stopped: 0.0000723 seconds, Stopping threads took: 0.0000214 seconds
2016-07-22T12:32:42.675+0200: 21422.668: Total time for which application threads were stopped: 0.0002369 seconds, Stopping threads took: 0.0001651 seconds
2016-07-22T12:33:17.658+0200: 21457.651: Total time for which application threads were stopped: 0.0001069 seconds, Stopping threads took: 0.0000299 seconds
2016-07-22T12:33:17.660+0200: 21457.653: Total time for which application threads were stopped: 0.0012200 seconds, Stopping threads took: 0.0005880 seconds
2016-07-22T12:33:17.660+0200: 21457.653: Total time for which application threads were stopped: 0.0001411 seconds, Stopping threads took: 0.0000941 seconds
2016-07-22T12:33:17.665+0200: 21457.658: Total time for which application threads were stopped: 0.0018863 seconds, Stopping threads took: 0.0018145 seconds
2016-07-22T13:07:58.101+0200: 23538.094: Total time for which application threads were stopped: 0.0014514 seconds, Stopping threads took: 0.0003105 seconds
2016-07-22T13:07:58.108+0200: 23538.102: Total time for which application threads were stopped: 0.0001407 seconds, Stopping threads took: 0.0000248 seconds
2016-07-22T13:07:58.142+0200: 23538.136: Total time for which application threads were stopped: 0.0012354 seconds, Stopping threads took: 0.0000329 seconds
2016-07-22T13:07:58.175+0200: 23538.168: Total time for which application threads were stopped: 0.0000971 seconds, Stopping threads took: 0.0000282 seconds
2016-07-22T13:07:58.177+0200: 23538.169: Total time for which application threads were stopped: 0.0005585 seconds, Stopping threads took: 0.0004935 seconds
2016-07-22T13:07:58.188+0200: 23538.182: Total time for which application threads were stopped: 0.0031452 seconds, Stopping threads took: 0.0029725 seconds
2016-07-22T15:20:54.774+0200: 27063.084: Total time for which application threads were stopped: 0.0201651 seconds, Stopping threads took: 0.0003280 seconds
2016-07-22T15:20:54.783+0200: 27063.093: Total time for which application threads were stopped: 0.0001535 seconds, Stopping threads took: 0.0000612 seconds
2016-07-22T15:20:55.249+0200: 27063.559: Total time for which application threads were stopped: 0.0421707 seconds, Stopping threads took: 0.0412372 seconds
2016-07-22T15:20:55.348+0200: 27063.658: Total time for which application threads were stopped: 0.0039530 seconds, Stopping threads took: 0.0038547 seconds
2016-07-22T15:20:55.354+0200: 27063.664: Total time for which application threads were stopped: 0.0056362 seconds, Stopping threads took: 0.0035459 seconds
2016-07-22T15:20:55.388+0200: 27063.698: Total time for which application threads were stopped: 0.0125010 seconds, Stopping threads took: 0.0002271 seconds
2016-07-22T16:41:13.692+0200: 31882.002: Total time for which application threads were stopped: 0.0021784 seconds, Stopping threads took: 0.0004986 seconds
2016-07-22T16:41:13.699+0200: 31882.009: Total time for which application threads were stopped: 0.0051855 seconds, Stopping threads took: 0.0043897 seconds
2016-07-22T16:41:13.730+0200: 31882.040: Total time for which application threads were stopped: 0.0002365 seconds, Stopping threads took: 0.0000257 seconds
2016-07-22T16:41:15.684+0200: 31883.994: Total time for which application threads were stopped: 0.0001082 seconds, Stopping threads took: 0.0000359 seconds
2016-07-22T16:41:15.686+0200: 31883.996: Total time for which application threads were stopped: 0.0015378 seconds, Stopping threads took: 0.0014612 seconds
2016-07-22T16:41:15.709+0200: 31884.019: Total time for which application threads were stopped: 0.0155193 seconds, Stopping threads took: 0.0024867 seconds
2016-07-22T16:41:15.780+0200: 31884.090: Total time for which application threads were stopped: 0.0029280 seconds, Stopping threads took: 0.0028258 seconds
2016-07-22T16:41:15.825+0200: 31884.135: Total time for which application threads were stopped: 0.0005692 seconds, Stopping threads took: 0.0004892 seconds
2016-07-22T16:41:15.827+0200: 31884.137: Total time for which application threads were stopped: 0.0016413 seconds, Stopping threads took: 0.0014625 seconds
2016-07-22T16:41:15.831+0200: 31884.141: Total time for which application threads were stopped: 0.0007916 seconds, Stopping threads took: 0.0006795 seconds
2016-07-22T16:41:15.843+0200: 31884.152: Total time for which application threads were stopped: 0.0024713 seconds, Stopping threads took: 0.0022917 seconds
2016-07-22T16:41:34.104+0200: 31902.414: Total time for which application threads were stopped: 0.0001398 seconds, Stopping threads took: 0.0000393 seconds
2016-07-22T16:41:34.105+0200: 31902.415: Total time for which application threads were stopped: 0.0000945 seconds, Stopping threads took: 0.0000325 seconds
2016-07-22T16:41:34.109+0200: 31902.419: Total time for which application threads were stopped: 0.0001031 seconds, Stopping threads took: 0.0000295 seconds
2016-07-22T16:41:58.133+0200: 31926.442: Total time for which application threads were stopped: 0.0001574 seconds, Stopping threads took: 0.0000411 seconds
2016-07-22T16:41:58.133+0200: 31926.442: Total time for which application threads were stopped: 0.0000727 seconds, Stopping threads took: 0.0000227 seconds
2016-07-22T16:41:58.149+0200: 31926.459: Total time for which application threads were stopped: 0.0002211 seconds, Stopping threads took: 0.0001155 seconds
2016-07-22T16:42:16.574+0200: 31944.884: Total time for which application threads were stopped: 0.0002125 seconds, Stopping threads took: 0.0000308 seconds
2016-07-22T16:42:16.575+0200: 31944.885: Total time for which application threads were stopped: 0.0000654 seconds, Stopping threads took: 0.0000184 seconds
2016-07-22T16:42:16.590+0200: 31944.900: Total time for which application threads were stopped: 0.0001116 seconds, Stopping threads took: 0.0000325 seconds
2016-07-22T16:42:22.315+0200: 31950.625: Total time for which application threads were stopped: 0.0001116 seconds, Stopping threads took: 0.0000325 seconds
2016-07-22T16:42:22.316+0200: 31950.626: Total time for which application threads were stopped: 0.0000795 seconds, Stopping threads took: 0.0000227 seconds
2016-07-22T16:42:22.324+0200: 31950.633: Total time for which application threads were stopped: 0.0001159 seconds, Stopping th